{"C:\\Users\\Stelios\\Documents\\Coding v1\\Bootcamp\\week6\\challenge-weekend\\back\\db\\models\\Robot.js": {"path":"C:\\Users\\Stelios\\Documents\\Coding v1\\Bootcamp\\week6\\challenge-weekend\\back\\db\\models\\Robot.js","statementMap":{"0":{"start":{"line":1,"column":26},"end":{"line":1,"column":45}},"1":{"start":{"line":3,"column":20},"end":{"line":9,"column":2}},"2":{"start":{"line":11,"column":14},"end":{"line":11,"column":51}},"3":{"start":{"line":13,"column":0},"end":{"line":13,"column":23}}},"fnMap":{},"branchMap":{},"s":{"0":2,"1":2,"2":2,"3":2},"f":{},"b":{},"_coverageSchema":"1a1c01bbd47fc00a2c39e90264f33305004495a9","hash":"7bab2a6dbfe4a0a41bbabec4a067961a0b3e973b"}
,"C:\\Users\\Stelios\\Documents\\Coding v1\\Bootcamp\\week6\\challenge-weekend\\back\\server\\controllers\\robotsController.js": {"path":"C:\\Users\\Stelios\\Documents\\Coding v1\\Bootcamp\\week6\\challenge-weekend\\back\\server\\controllers\\robotsController.js","statementMap":{"0":{"start":{"line":1,"column":14},"end":{"line":1,"column":46}},"1":{"start":{"line":3,"column":18},"end":{"line":6,"column":1}},"2":{"start":{"line":4,"column":17},"end":{"line":4,"column":35}},"3":{"start":{"line":5,"column":2},"end":{"line":5,"column":31}},"4":{"start":{"line":8,"column":21},"end":{"line":14,"column":1}},"5":{"start":{"line":11,"column":6},"end":{"line":11,"column":9}},"6":{"start":{"line":12,"column":16},"end":{"line":12,"column":45}},"7":{"start":{"line":13,"column":2},"end":{"line":13,"column":30}},"8":{"start":{"line":16,"column":0},"end":{"line":16,"column":45}}},"fnMap":{"0":{"name":"(anonymous_0)","decl":{"start":{"line":3,"column":18},"end":{"line":3,"column":19}},"loc":{"start":{"line":3,"column":38},"end":{"line":6,"column":1}},"line":3},"1":{"name":"(anonymous_1)","decl":{"start":{"line":8,"column":21},"end":{"line":8,"column":22}},"loc":{"start":{"line":8,"column":41},"end":{"line":14,"column":1}},"line":8}},"branchMap":{},"s":{"0":1,"1":1,"2":1,"3":1,"4":1,"5":1,"6":1,"7":1,"8":1},"f":{"0":1,"1":1},"b":{},"_coverageSchema":"1a1c01bbd47fc00a2c39e90264f33305004495a9","hash":"3516087f030f0b83d3e136a70b681c6f3b4aa48c"}
,"C:\\Users\\Stelios\\Documents\\Coding v1\\Bootcamp\\week6\\challenge-weekend\\back\\server\\mocks\\mockRobots.js": {"path":"C:\\Users\\Stelios\\Documents\\Coding v1\\Bootcamp\\week6\\challenge-weekend\\back\\server\\mocks\\mockRobots.js","statementMap":{"0":{"start":{"line":1,"column":19},"end":{"line":16,"column":1}},"1":{"start":{"line":18,"column":0},"end":{"line":18,"column":28}}},"fnMap":{},"branchMap":{},"s":{"0":1,"1":1},"f":{},"b":{},"_coverageSchema":"1a1c01bbd47fc00a2c39e90264f33305004495a9","hash":"1c1e58f1ca6dcdeaea7f170924a8e5a74a569c82"}
}
